<?xml version="1.0" encoding="UTF-8"?>
<!-- Generated by org.testng.reporters.JUnitReportReporter -->
<testsuite skipped="0" hostname="SFSIND0510" name="com.galaxy.ec.testdata.LoginPageTest" tests="3" failures="0" timestamp="09 Aug 2018 11:59:48 GMT" time="22.924" errors="0">
  <testcase name="loginPageTitletest" time="5.538" classname="com.galaxy.ec.testdata.LoginPageTest"/>
  <testcase name="LogoTest" time="9.940" classname="com.galaxy.ec.testdata.LoginPageTest"/>
  <testcase name="loginTest" time="7.446" classname="com.galaxy.ec.testdata.LoginPageTest"/>
</testsuite> <!-- com.galaxy.ec.testdata.LoginPageTest -->
